<?xml version="1.0" encoding="UTF-8"?>
<testsuite xmlns:xsi="http://www.w3.org/2001/XMLSchema-instance" xsi:noNamespaceSchemaLocation="https://maven.apache.org/surefire/maven-surefire-plugin/xsd/surefire-test-report-3.0.xsd" version="3.0" name="com.example.solrplugin.AppTest" time="0.02" tests="1" errors="0" skipped="0" failures="0">
  <properties>
    <property name="sun.desktop" value="windows"/>
    <property name="awt.toolkit" value="sun.awt.windows.WToolkit"/>
    <property name="file.encoding.pkg" value="sun.io"/>
    <property name="java.specification.version" value="1.8"/>
    <property name="sun.cpu.isalist" value="amd64"/>
    <property name="sun.jnu.encoding" value="Cp1252"/>
    <property name="java.class.path" value="C:\Users\ogiam\Desktop\Information Retrieval\Progetto\Codice\solr-plugin\target\test-classes;C:\Users\ogiam\Desktop\Information Retrieval\Progetto\Codice\solr-plugin\target\classes;C:\Users\ogiam\.m2\repository\junit\junit\3.8.1\junit-3.8.1.jar;C:\Users\ogiam\.m2\repository\org\apache\solr\solr-core\8.11.2\solr-core-8.11.2.jar;C:\Users\ogiam\.m2\repository\org\apache\lucene\lucene-analyzers-common\8.11.2\lucene-analyzers-common-8.11.2.jar;C:\Users\ogiam\.m2\repository\org\apache\lucene\lucene-analyzers-kuromoji\8.11.2\lucene-analyzers-kuromoji-8.11.2.jar;C:\Users\ogiam\.m2\repository\org\apache\lucene\lucene-analyzers-nori\8.11.2\lucene-analyzers-nori-8.11.2.jar;C:\Users\ogiam\.m2\repository\org\apache\lucene\lucene-analyzers-phonetic\8.11.2\lucene-analyzers-phonetic-8.11.2.jar;C:\Users\ogiam\.m2\repository\org\apache\lucene\lucene-backward-codecs\8.11.2\lucene-backward-codecs-8.11.2.jar;C:\Users\ogiam\.m2\repository\org\apache\lucene\lucene-classification\8.11.2\lucene-classification-8.11.2.jar;C:\Users\ogiam\.m2\repository\org\apache\lucene\lucene-codecs\8.11.2\lucene-codecs-8.11.2.jar;C:\Users\ogiam\.m2\repository\org\apache\lucene\lucene-core\8.11.2\lucene-core-8.11.2.jar;C:\Users\ogiam\.m2\repository\org\apache\lucene\lucene-expressions\8.11.2\lucene-expressions-8.11.2.jar;C:\Users\ogiam\.m2\repository\org\apache\lucene\lucene-grouping\8.11.2\lucene-grouping-8.11.2.jar;C:\Users\ogiam\.m2\repository\org\apache\lucene\lucene-highlighter\8.11.2\lucene-highlighter-8.11.2.jar;C:\Users\ogiam\.m2\repository\org\apache\lucene\lucene-join\8.11.2\lucene-join-8.11.2.jar;C:\Users\ogiam\.m2\repository\org\apache\lucene\lucene-memory\8.11.2\lucene-memory-8.11.2.jar;C:\Users\ogiam\.m2\repository\org\apache\lucene\lucene-misc\8.11.2\lucene-misc-8.11.2.jar;C:\Users\ogiam\.m2\repository\org\apache\lucene\lucene-queries\8.11.2\lucene-queries-8.11.2.jar;C:\Users\ogiam\.m2\repository\org\apache\lucene\lucene-queryparser\8.11.2\lucene-queryparser-8.11.2.jar;C:\Users\ogiam\.m2\repository\org\apache\lucene\lucene-sandbox\8.11.2\lucene-sandbox-8.11.2.jar;C:\Users\ogiam\.m2\repository\org\apache\lucene\lucene-spatial-extras\8.11.2\lucene-spatial-extras-8.11.2.jar;C:\Users\ogiam\.m2\repository\org\apache\lucene\lucene-spatial3d\8.11.2\lucene-spatial3d-8.11.2.jar;C:\Users\ogiam\.m2\repository\org\apache\lucene\lucene-suggest\8.11.2\lucene-suggest-8.11.2.jar;C:\Users\ogiam\.m2\repository\org\apache\solr\solr-solrj\8.11.2\solr-solrj-8.11.2.jar;C:\Users\ogiam\.m2\repository\com\carrotsearch\hppc\0.8.1\hppc-0.8.1.jar;C:\Users\ogiam\.m2\repository\com\esri\geometry\esri-geometry-api\2.2.0\esri-geometry-api-2.2.0.jar;C:\Users\ogiam\.m2\repository\com\fasterxml\jackson\core\jackson-annotations\2.13.3\jackson-annotations-2.13.3.jar;C:\Users\ogiam\.m2\repository\com\fasterxml\jackson\core\jackson-core\2.13.3\jackson-core-2.13.3.jar;C:\Users\ogiam\.m2\repository\com\fasterxml\jackson\core\jackson-databind\2.13.3\jackson-databind-2.13.3.jar;C:\Users\ogiam\.m2\repository\com\fasterxml\jackson\dataformat\jackson-dataformat-smile\2.13.3\jackson-dataformat-smile-2.13.3.jar;C:\Users\ogiam\.m2\repository\com\fasterxml\woodstox\woodstox-core\6.2.4\woodstox-core-6.2.4.jar;C:\Users\ogiam\.m2\repository\com\github\ben-manes\caffeine\caffeine\2.9.2\caffeine-2.9.2.jar;C:\Users\ogiam\.m2\repository\com\github\zafarkhaja\java-semver\0.9.0\java-semver-0.9.0.jar;C:\Users\ogiam\.m2\repository\com\google\guava\guava\25.1-jre\guava-25.1-jre.jar;C:\Users\ogiam\.m2\repository\com\google\protobuf\protobuf-java\3.11.0\protobuf-java-3.11.0.jar;C:\Users\ogiam\.m2\repository\com\google\re2j\re2j\1.2\re2j-1.2.jar;C:\Users\ogiam\.m2\repository\com\jayway\jsonpath\json-path\2.4.0\json-path-2.4.0.jar;C:\Users\ogiam\.m2\repository\com\lmax\disruptor\3.4.2\disruptor-3.4.2.jar;C:\Users\ogiam\.m2\repository\com\tdunning\t-digest\3.1\t-digest-3.1.jar;C:\Users\ogiam\.m2\repository\commons-cli\commons-cli\1.4\commons-cli-1.4.jar;C:\Users\ogiam\.m2\repository\commons-codec\commons-codec\1.13\commons-codec-1.13.jar;C:\Users\ogiam\.m2\repository\commons-collections\commons-collections\3.2.2\commons-collections-3.2.2.jar;C:\Users\ogiam\.m2\repository\commons-io\commons-io\2.8.0\commons-io-2.8.0.jar;C:\Users\ogiam\.m2\repository\commons-lang\commons-lang\2.6\commons-lang-2.6.jar;C:\Users\ogiam\.m2\repository\io\dropwizard\metrics\metrics-core\4.1.5\metrics-core-4.1.5.jar;C:\Users\ogiam\.m2\repository\io\dropwizard\metrics\metrics-graphite\4.1.5\metrics-graphite-4.1.5.jar;C:\Users\ogiam\.m2\repository\io\dropwizard\metrics\metrics-jetty9\4.1.5\metrics-jetty9-4.1.5.jar;C:\Users\ogiam\.m2\repository\io\dropwizard\metrics\metrics-jmx\4.1.5\metrics-jmx-4.1.5.jar;C:\Users\ogiam\.m2\repository\io\dropwizard\metrics\metrics-jvm\4.1.5\metrics-jvm-4.1.5.jar;C:\Users\ogiam\.m2\repository\io\netty\netty-buffer\4.1.68.Final\netty-buffer-4.1.68.Final.jar;C:\Users\ogiam\.m2\repository\io\netty\netty-codec\4.1.68.Final\netty-codec-4.1.68.Final.jar;C:\Users\ogiam\.m2\repository\io\netty\netty-common\4.1.68.Final\netty-common-4.1.68.Final.jar;C:\Users\ogiam\.m2\repository\io\netty\netty-handler\4.1.68.Final\netty-handler-4.1.68.Final.jar;C:\Users\ogiam\.m2\repository\io\netty\netty-resolver\4.1.68.Final\netty-resolver-4.1.68.Final.jar;C:\Users\ogiam\.m2\repository\io\netty\netty-transport\4.1.68.Final\netty-transport-4.1.68.Final.jar;C:\Users\ogiam\.m2\repository\io\netty\netty-transport-native-epoll\4.1.68.Final\netty-transport-native-epoll-4.1.68.Final.jar;C:\Users\ogiam\.m2\repository\io\netty\netty-transport-native-unix-common\4.1.68.Final\netty-transport-native-unix-common-4.1.68.Final.jar;C:\Users\ogiam\.m2\repository\io\opentracing\opentracing-api\0.33.0\opentracing-api-0.33.0.jar;C:\Users\ogiam\.m2\repository\io\opentracing\opentracing-noop\0.33.0\opentracing-noop-0.33.0.jar;C:\Users\ogiam\.m2\repository\io\opentracing\opentracing-util\0.33.0\opentracing-util-0.33.0.jar;C:\Users\ogiam\.m2\repository\io\sgr\s2-geometry-library-java\1.0.0\s2-geometry-library-java-1.0.0.jar;C:\Users\ogiam\.m2\repository\javax\servlet\javax.servlet-api\3.1.0\javax.servlet-api-3.1.0.jar;C:\Users\ogiam\.m2\repository\net\hydromatic\eigenbase-properties\1.1.5\eigenbase-properties-1.1.5.jar;C:\Users\ogiam\.m2\repository\org\antlr\antlr4-runtime\4.5.1-1\antlr4-runtime-4.5.1-1.jar;C:\Users\ogiam\.m2\repository\org\apache\calcite\calcite-core\1.27.0\calcite-core-1.27.0.jar;C:\Users\ogiam\.m2\repository\org\apache\calcite\calcite-linq4j\1.27.0\calcite-linq4j-1.27.0.jar;C:\Users\ogiam\.m2\repository\org\apache\calcite\avatica\avatica-core\1.18.0\avatica-core-1.18.0.jar;C:\Users\ogiam\.m2\repository\org\apache\commons\commons-collections4\4.4\commons-collections4-4.4.jar;C:\Users\ogiam\.m2\repository\org\apache\commons\commons-configuration2\2.1.1\commons-configuration2-2.1.1.jar;C:\Users\ogiam\.m2\repository\org\apache\commons\commons-exec\1.3\commons-exec-1.3.jar;C:\Users\ogiam\.m2\repository\org\apache\commons\commons-lang3\3.10\commons-lang3-3.10.jar;C:\Users\ogiam\.m2\repository\org\apache\commons\commons-math3\3.6.1\commons-math3-3.6.1.jar;C:\Users\ogiam\.m2\repository\org\apache\commons\commons-text\1.6\commons-text-1.6.jar;C:\Users\ogiam\.m2\repository\org\apache\curator\curator-client\2.13.0\curator-client-2.13.0.jar;C:\Users\ogiam\.m2\repository\org\apache\curator\curator-framework\2.13.0\curator-framework-2.13.0.jar;C:\Users\ogiam\.m2\repository\org\apache\curator\curator-recipes\2.13.0\curator-recipes-2.13.0.jar;C:\Users\ogiam\.m2\repository\org\apache\hadoop\hadoop-annotations\3.2.2\hadoop-annotations-3.2.2.jar;C:\Program Files\Java\jdk1.8.0_202\jre\..\lib\tools.jar;C:\Users\ogiam\.m2\repository\org\apache\hadoop\hadoop-auth\3.2.2\hadoop-auth-3.2.2.jar;C:\Users\ogiam\.m2\repository\org\apache\hadoop\hadoop-common\3.2.2\hadoop-common-3.2.2.jar;C:\Users\ogiam\.m2\repository\org\apache\hadoop\hadoop-hdfs-client\3.2.2\hadoop-hdfs-client-3.2.2.jar;C:\Users\ogiam\.m2\repository\org\apache\htrace\htrace-core4\4.1.0-incubating\htrace-core4-4.1.0-incubating.jar;C:\Users\ogiam\.m2\repository\org\apache\httpcomponents\httpclient\4.5.13\httpclient-4.5.13.jar;C:\Users\ogiam\.m2\repository\org\apache\httpcomponents\httpcore\4.4.14\httpcore-4.4.14.jar;C:\Users\ogiam\.m2\repository\org\apache\httpcomponents\httpmime\4.5.13\httpmime-4.5.13.jar;C:\Users\ogiam\.m2\repository\org\apache\kerby\kerb-core\1.0.1\kerb-core-1.0.1.jar;C:\Users\ogiam\.m2\repository\org\apache\kerby\kerb-util\1.0.1\kerb-util-1.0.1.jar;C:\Users\ogiam\.m2\repository\org\apache\kerby\kerby-asn1\1.0.1\kerby-asn1-1.0.1.jar;C:\Users\ogiam\.m2\repository\org\apache\kerby\kerby-pkix\1.0.1\kerby-pkix-1.0.1.jar;C:\Users\ogiam\.m2\repository\org\apache\logging\log4j\log4j-1.2-api\2.17.1\log4j-1.2-api-2.17.1.jar;C:\Users\ogiam\.m2\repository\org\apache\logging\log4j\log4j-api\2.17.1\log4j-api-2.17.1.jar;C:\Users\ogiam\.m2\repository\org\apache\logging\log4j\log4j-core\2.17.1\log4j-core-2.17.1.jar;C:\Users\ogiam\.m2\repository\org\apache\logging\log4j\log4j-layout-template-json\2.17.1\log4j-layout-template-json-2.17.1.jar;C:\Users\ogiam\.m2\repository\org\apache\logging\log4j\log4j-slf4j-impl\2.17.1\log4j-slf4j-impl-2.17.1.jar;C:\Users\ogiam\.m2\repository\org\apache\logging\log4j\log4j-web\2.17.1\log4j-web-2.17.1.jar;C:\Users\ogiam\.m2\repository\org\apache\zookeeper\zookeeper\3.6.2\zookeeper-3.6.2.jar;C:\Users\ogiam\.m2\repository\org\apache\zookeeper\zookeeper-jute\3.6.2\zookeeper-jute-3.6.2.jar;C:\Users\ogiam\.m2\repository\org\apiguardian\apiguardian-api\1.1.0\apiguardian-api-1.1.0.jar;C:\Users\ogiam\.m2\repository\org\bitbucket\b_c\jose4j\0.6.5\jose4j-0.6.5.jar;C:\Users\ogiam\.m2\repository\org\checkerframework\checker-qual\3.10.0\checker-qual-3.10.0.jar;C:\Users\ogiam\.m2\repository\org\codehaus\janino\commons-compiler\3.0.9\commons-compiler-3.0.9.jar;C:\Users\ogiam\.m2\repository\org\codehaus\janino\janino\3.0.9\janino-3.0.9.jar;C:\Users\ogiam\.m2\repository\org\codehaus\woodstox\stax2-api\4.2.1\stax2-api-4.2.1.jar;C:\Users\ogiam\.m2\repository\org\eclipse\jetty\jetty-alpn-client\9.4.44.v20210927\jetty-alpn-client-9.4.44.v20210927.jar;C:\Users\ogiam\.m2\repository\org\eclipse\jetty\jetty-alpn-java-client\9.4.44.v20210927\jetty-alpn-java-client-9.4.44.v20210927.jar;C:\Users\ogiam\.m2\repository\org\eclipse\jetty\jetty-alpn-java-server\9.4.44.v20210927\jetty-alpn-java-server-9.4.44.v20210927.jar;C:\Users\ogiam\.m2\repository\org\eclipse\jetty\jetty-alpn-server\9.4.44.v20210927\jetty-alpn-server-9.4.44.v20210927.jar;C:\Users\ogiam\.m2\repository\org\eclipse\jetty\jetty-client\9.4.44.v20210927\jetty-client-9.4.44.v20210927.jar;C:\Users\ogiam\.m2\repository\org\eclipse\jetty\jetty-continuation\9.4.44.v20210927\jetty-continuation-9.4.44.v20210927.jar;C:\Users\ogiam\.m2\repository\org\eclipse\jetty\jetty-deploy\9.4.44.v20210927\jetty-deploy-9.4.44.v20210927.jar;C:\Users\ogiam\.m2\repository\org\eclipse\jetty\jetty-http\9.4.44.v20210927\jetty-http-9.4.44.v20210927.jar;C:\Users\ogiam\.m2\repository\org\eclipse\jetty\jetty-io\9.4.44.v20210927\jetty-io-9.4.44.v20210927.jar;C:\Users\ogiam\.m2\repository\org\eclipse\jetty\jetty-jmx\9.4.44.v20210927\jetty-jmx-9.4.44.v20210927.jar;C:\Users\ogiam\.m2\repository\org\eclipse\jetty\jetty-rewrite\9.4.44.v20210927\jetty-rewrite-9.4.44.v20210927.jar;C:\Users\ogiam\.m2\repository\org\eclipse\jetty\jetty-security\9.4.44.v20210927\jetty-security-9.4.44.v20210927.jar;C:\Users\ogiam\.m2\repository\org\eclipse\jetty\jetty-server\9.4.44.v20210927\jetty-server-9.4.44.v20210927.jar;C:\Users\ogiam\.m2\repository\org\eclipse\jetty\jetty-servlet\9.4.44.v20210927\jetty-servlet-9.4.44.v20210927.jar;C:\Users\ogiam\.m2\repository\org\eclipse\jetty\jetty-servlets\9.4.44.v20210927\jetty-servlets-9.4.44.v20210927.jar;C:\Users\ogiam\.m2\repository\org\eclipse\jetty\jetty-util\9.4.44.v20210927\jetty-util-9.4.44.v20210927.jar;C:\Users\ogiam\.m2\repository\org\eclipse\jetty\jetty-webapp\9.4.44.v20210927\jetty-webapp-9.4.44.v20210927.jar;C:\Users\ogiam\.m2\repository\org\eclipse\jetty\jetty-xml\9.4.44.v20210927\jetty-xml-9.4.44.v20210927.jar;C:\Users\ogiam\.m2\repository\org\eclipse\jetty\http2\http2-client\9.4.44.v20210927\http2-client-9.4.44.v20210927.jar;C:\Users\ogiam\.m2\repository\org\eclipse\jetty\http2\http2-common\9.4.44.v20210927\http2-common-9.4.44.v20210927.jar;C:\Users\ogiam\.m2\repository\org\eclipse\jetty\http2\http2-hpack\9.4.44.v20210927\http2-hpack-9.4.44.v20210927.jar;C:\Users\ogiam\.m2\repository\org\eclipse\jetty\http2\http2-http-client-transport\9.4.44.v20210927\http2-http-client-transport-9.4.44.v20210927.jar;C:\Users\ogiam\.m2\repository\org\eclipse\jetty\jetty-alpn-openjdk8-client\9.4.44.v20210927\jetty-alpn-openjdk8-client-9.4.44.v20210927.jar;C:\Users\ogiam\.m2\repository\org\eclipse\jetty\http2\http2-server\9.4.44.v20210927\http2-server-9.4.44.v20210927.jar;C:\Users\ogiam\.m2\repository\org\locationtech\spatial4j\spatial4j\0.7\spatial4j-0.7.jar;C:\Users\ogiam\.m2\repository\org\ow2\asm\asm\8.0.1\asm-8.0.1.jar;C:\Users\ogiam\.m2\repository\org\ow2\asm\asm-commons\8.0.1\asm-commons-8.0.1.jar;C:\Users\ogiam\.m2\repository\org\rrd4j\rrd4j\3.5\rrd4j-3.5.jar;C:\Users\ogiam\.m2\repository\org\slf4j\jcl-over-slf4j\1.7.24\jcl-over-slf4j-1.7.24.jar;C:\Users\ogiam\.m2\repository\org\slf4j\slf4j-api\1.7.24\slf4j-api-1.7.24.jar;C:\Users\ogiam\.m2\repository\org\xerial\snappy\snappy-java\1.1.7.6\snappy-java-1.1.7.6.jar;"/>
    <property name="java.vm.vendor" value="Oracle Corporation"/>
    <property name="sun.arch.data.model" value="64"/>
    <property name="user.variant" value=""/>
    <property name="java.vendor.url" value="http://java.oracle.com/"/>
    <property name="user.timezone" value="Europe/Berlin"/>
    <property name="user.country.format" value="GB"/>
    <property name="java.vm.specification.version" value="1.8"/>
    <property name="os.name" value="Windows 10"/>
    <property name="user.country" value="IT"/>
    <property name="sun.java.launcher" value="SUN_STANDARD"/>
    <property name="sun.boot.library.path" value="C:\Program Files\Java\jdk1.8.0_202\jre\bin"/>
    <property name="sun.java.command" value="C:\Users\ogiam\AppData\Local\Temp\surefire101915624721535065\surefirebooter-20230710171638070_3.jar C:\Users\ogiam\AppData\Local\Temp\surefire101915624721535065 2023-07-10T17-16-37_686-jvmRun1 surefire-20230710171638070_1tmp surefire_0-20230710171638070_2tmp"/>
    <property name="surefire.test.class.path" value="C:\Users\ogiam\Desktop\Information Retrieval\Progetto\Codice\solr-plugin\target\test-classes;C:\Users\ogiam\Desktop\Information Retrieval\Progetto\Codice\solr-plugin\target\classes;C:\Users\ogiam\.m2\repository\junit\junit\3.8.1\junit-3.8.1.jar;C:\Users\ogiam\.m2\repository\org\apache\solr\solr-core\8.11.2\solr-core-8.11.2.jar;C:\Users\ogiam\.m2\repository\org\apache\lucene\lucene-analyzers-common\8.11.2\lucene-analyzers-common-8.11.2.jar;C:\Users\ogiam\.m2\repository\org\apache\lucene\lucene-analyzers-kuromoji\8.11.2\lucene-analyzers-kuromoji-8.11.2.jar;C:\Users\ogiam\.m2\repository\org\apache\lucene\lucene-analyzers-nori\8.11.2\lucene-analyzers-nori-8.11.2.jar;C:\Users\ogiam\.m2\repository\org\apache\lucene\lucene-analyzers-phonetic\8.11.2\lucene-analyzers-phonetic-8.11.2.jar;C:\Users\ogiam\.m2\repository\org\apache\lucene\lucene-backward-codecs\8.11.2\lucene-backward-codecs-8.11.2.jar;C:\Users\ogiam\.m2\repository\org\apache\lucene\lucene-classification\8.11.2\lucene-classification-8.11.2.jar;C:\Users\ogiam\.m2\repository\org\apache\lucene\lucene-codecs\8.11.2\lucene-codecs-8.11.2.jar;C:\Users\ogiam\.m2\repository\org\apache\lucene\lucene-core\8.11.2\lucene-core-8.11.2.jar;C:\Users\ogiam\.m2\repository\org\apache\lucene\lucene-expressions\8.11.2\lucene-expressions-8.11.2.jar;C:\Users\ogiam\.m2\repository\org\apache\lucene\lucene-grouping\8.11.2\lucene-grouping-8.11.2.jar;C:\Users\ogiam\.m2\repository\org\apache\lucene\lucene-highlighter\8.11.2\lucene-highlighter-8.11.2.jar;C:\Users\ogiam\.m2\repository\org\apache\lucene\lucene-join\8.11.2\lucene-join-8.11.2.jar;C:\Users\ogiam\.m2\repository\org\apache\lucene\lucene-memory\8.11.2\lucene-memory-8.11.2.jar;C:\Users\ogiam\.m2\repository\org\apache\lucene\lucene-misc\8.11.2\lucene-misc-8.11.2.jar;C:\Users\ogiam\.m2\repository\org\apache\lucene\lucene-queries\8.11.2\lucene-queries-8.11.2.jar;C:\Users\ogiam\.m2\repository\org\apache\lucene\lucene-queryparser\8.11.2\lucene-queryparser-8.11.2.jar;C:\Users\ogiam\.m2\repository\org\apache\lucene\lucene-sandbox\8.11.2\lucene-sandbox-8.11.2.jar;C:\Users\ogiam\.m2\repository\org\apache\lucene\lucene-spatial-extras\8.11.2\lucene-spatial-extras-8.11.2.jar;C:\Users\ogiam\.m2\repository\org\apache\lucene\lucene-spatial3d\8.11.2\lucene-spatial3d-8.11.2.jar;C:\Users\ogiam\.m2\repository\org\apache\lucene\lucene-suggest\8.11.2\lucene-suggest-8.11.2.jar;C:\Users\ogiam\.m2\repository\org\apache\solr\solr-solrj\8.11.2\solr-solrj-8.11.2.jar;C:\Users\ogiam\.m2\repository\com\carrotsearch\hppc\0.8.1\hppc-0.8.1.jar;C:\Users\ogiam\.m2\repository\com\esri\geometry\esri-geometry-api\2.2.0\esri-geometry-api-2.2.0.jar;C:\Users\ogiam\.m2\repository\com\fasterxml\jackson\core\jackson-annotations\2.13.3\jackson-annotations-2.13.3.jar;C:\Users\ogiam\.m2\repository\com\fasterxml\jackson\core\jackson-core\2.13.3\jackson-core-2.13.3.jar;C:\Users\ogiam\.m2\repository\com\fasterxml\jackson\core\jackson-databind\2.13.3\jackson-databind-2.13.3.jar;C:\Users\ogiam\.m2\repository\com\fasterxml\jackson\dataformat\jackson-dataformat-smile\2.13.3\jackson-dataformat-smile-2.13.3.jar;C:\Users\ogiam\.m2\repository\com\fasterxml\woodstox\woodstox-core\6.2.4\woodstox-core-6.2.4.jar;C:\Users\ogiam\.m2\repository\com\github\ben-manes\caffeine\caffeine\2.9.2\caffeine-2.9.2.jar;C:\Users\ogiam\.m2\repository\com\github\zafarkhaja\java-semver\0.9.0\java-semver-0.9.0.jar;C:\Users\ogiam\.m2\repository\com\google\guava\guava\25.1-jre\guava-25.1-jre.jar;C:\Users\ogiam\.m2\repository\com\google\protobuf\protobuf-java\3.11.0\protobuf-java-3.11.0.jar;C:\Users\ogiam\.m2\repository\com\google\re2j\re2j\1.2\re2j-1.2.jar;C:\Users\ogiam\.m2\repository\com\jayway\jsonpath\json-path\2.4.0\json-path-2.4.0.jar;C:\Users\ogiam\.m2\repository\com\lmax\disruptor\3.4.2\disruptor-3.4.2.jar;C:\Users\ogiam\.m2\repository\com\tdunning\t-digest\3.1\t-digest-3.1.jar;C:\Users\ogiam\.m2\repository\commons-cli\commons-cli\1.4\commons-cli-1.4.jar;C:\Users\ogiam\.m2\repository\commons-codec\commons-codec\1.13\commons-codec-1.13.jar;C:\Users\ogiam\.m2\repository\commons-collections\commons-collections\3.2.2\commons-collections-3.2.2.jar;C:\Users\ogiam\.m2\repository\commons-io\commons-io\2.8.0\commons-io-2.8.0.jar;C:\Users\ogiam\.m2\repository\commons-lang\commons-lang\2.6\commons-lang-2.6.jar;C:\Users\ogiam\.m2\repository\io\dropwizard\metrics\metrics-core\4.1.5\metrics-core-4.1.5.jar;C:\Users\ogiam\.m2\repository\io\dropwizard\metrics\metrics-graphite\4.1.5\metrics-graphite-4.1.5.jar;C:\Users\ogiam\.m2\repository\io\dropwizard\metrics\metrics-jetty9\4.1.5\metrics-jetty9-4.1.5.jar;C:\Users\ogiam\.m2\repository\io\dropwizard\metrics\metrics-jmx\4.1.5\metrics-jmx-4.1.5.jar;C:\Users\ogiam\.m2\repository\io\dropwizard\metrics\metrics-jvm\4.1.5\metrics-jvm-4.1.5.jar;C:\Users\ogiam\.m2\repository\io\netty\netty-buffer\4.1.68.Final\netty-buffer-4.1.68.Final.jar;C:\Users\ogiam\.m2\repository\io\netty\netty-codec\4.1.68.Final\netty-codec-4.1.68.Final.jar;C:\Users\ogiam\.m2\repository\io\netty\netty-common\4.1.68.Final\netty-common-4.1.68.Final.jar;C:\Users\ogiam\.m2\repository\io\netty\netty-handler\4.1.68.Final\netty-handler-4.1.68.Final.jar;C:\Users\ogiam\.m2\repository\io\netty\netty-resolver\4.1.68.Final\netty-resolver-4.1.68.Final.jar;C:\Users\ogiam\.m2\repository\io\netty\netty-transport\4.1.68.Final\netty-transport-4.1.68.Final.jar;C:\Users\ogiam\.m2\repository\io\netty\netty-transport-native-epoll\4.1.68.Final\netty-transport-native-epoll-4.1.68.Final.jar;C:\Users\ogiam\.m2\repository\io\netty\netty-transport-native-unix-common\4.1.68.Final\netty-transport-native-unix-common-4.1.68.Final.jar;C:\Users\ogiam\.m2\repository\io\opentracing\opentracing-api\0.33.0\opentracing-api-0.33.0.jar;C:\Users\ogiam\.m2\repository\io\opentracing\opentracing-noop\0.33.0\opentracing-noop-0.33.0.jar;C:\Users\ogiam\.m2\repository\io\opentracing\opentracing-util\0.33.0\opentracing-util-0.33.0.jar;C:\Users\ogiam\.m2\repository\io\sgr\s2-geometry-library-java\1.0.0\s2-geometry-library-java-1.0.0.jar;C:\Users\ogiam\.m2\repository\javax\servlet\javax.servlet-api\3.1.0\javax.servlet-api-3.1.0.jar;C:\Users\ogiam\.m2\repository\net\hydromatic\eigenbase-properties\1.1.5\eigenbase-properties-1.1.5.jar;C:\Users\ogiam\.m2\repository\org\antlr\antlr4-runtime\4.5.1-1\antlr4-runtime-4.5.1-1.jar;C:\Users\ogiam\.m2\repository\org\apache\calcite\calcite-core\1.27.0\calcite-core-1.27.0.jar;C:\Users\ogiam\.m2\repository\org\apache\calcite\calcite-linq4j\1.27.0\calcite-linq4j-1.27.0.jar;C:\Users\ogiam\.m2\repository\org\apache\calcite\avatica\avatica-core\1.18.0\avatica-core-1.18.0.jar;C:\Users\ogiam\.m2\repository\org\apache\commons\commons-collections4\4.4\commons-collections4-4.4.jar;C:\Users\ogiam\.m2\repository\org\apache\commons\commons-configuration2\2.1.1\commons-configuration2-2.1.1.jar;C:\Users\ogiam\.m2\repository\org\apache\commons\commons-exec\1.3\commons-exec-1.3.jar;C:\Users\ogiam\.m2\repository\org\apache\commons\commons-lang3\3.10\commons-lang3-3.10.jar;C:\Users\ogiam\.m2\repository\org\apache\commons\commons-math3\3.6.1\commons-math3-3.6.1.jar;C:\Users\ogiam\.m2\repository\org\apache\commons\commons-text\1.6\commons-text-1.6.jar;C:\Users\ogiam\.m2\repository\org\apache\curator\curator-client\2.13.0\curator-client-2.13.0.jar;C:\Users\ogiam\.m2\repository\org\apache\curator\curator-framework\2.13.0\curator-framework-2.13.0.jar;C:\Users\ogiam\.m2\repository\org\apache\curator\curator-recipes\2.13.0\curator-recipes-2.13.0.jar;C:\Users\ogiam\.m2\repository\org\apache\hadoop\hadoop-annotations\3.2.2\hadoop-annotations-3.2.2.jar;C:\Program Files\Java\jdk1.8.0_202\jre\..\lib\tools.jar;C:\Users\ogiam\.m2\repository\org\apache\hadoop\hadoop-auth\3.2.2\hadoop-auth-3.2.2.jar;C:\Users\ogiam\.m2\repository\org\apache\hadoop\hadoop-common\3.2.2\hadoop-common-3.2.2.jar;C:\Users\ogiam\.m2\repository\org\apache\hadoop\hadoop-hdfs-client\3.2.2\hadoop-hdfs-client-3.2.2.jar;C:\Users\ogiam\.m2\repository\org\apache\htrace\htrace-core4\4.1.0-incubating\htrace-core4-4.1.0-incubating.jar;C:\Users\ogiam\.m2\repository\org\apache\httpcomponents\httpclient\4.5.13\httpclient-4.5.13.jar;C:\Users\ogiam\.m2\repository\org\apache\httpcomponents\httpcore\4.4.14\httpcore-4.4.14.jar;C:\Users\ogiam\.m2\repository\org\apache\httpcomponents\httpmime\4.5.13\httpmime-4.5.13.jar;C:\Users\ogiam\.m2\repository\org\apache\kerby\kerb-core\1.0.1\kerb-core-1.0.1.jar;C:\Users\ogiam\.m2\repository\org\apache\kerby\kerb-util\1.0.1\kerb-util-1.0.1.jar;C:\Users\ogiam\.m2\repository\org\apache\kerby\kerby-asn1\1.0.1\kerby-asn1-1.0.1.jar;C:\Users\ogiam\.m2\repository\org\apache\kerby\kerby-pkix\1.0.1\kerby-pkix-1.0.1.jar;C:\Users\ogiam\.m2\repository\org\apache\logging\log4j\log4j-1.2-api\2.17.1\log4j-1.2-api-2.17.1.jar;C:\Users\ogiam\.m2\repository\org\apache\logging\log4j\log4j-api\2.17.1\log4j-api-2.17.1.jar;C:\Users\ogiam\.m2\repository\org\apache\logging\log4j\log4j-core\2.17.1\log4j-core-2.17.1.jar;C:\Users\ogiam\.m2\repository\org\apache\logging\log4j\log4j-layout-template-json\2.17.1\log4j-layout-template-json-2.17.1.jar;C:\Users\ogiam\.m2\repository\org\apache\logging\log4j\log4j-slf4j-impl\2.17.1\log4j-slf4j-impl-2.17.1.jar;C:\Users\ogiam\.m2\repository\org\apache\logging\log4j\log4j-web\2.17.1\log4j-web-2.17.1.jar;C:\Users\ogiam\.m2\repository\org\apache\zookeeper\zookeeper\3.6.2\zookeeper-3.6.2.jar;C:\Users\ogiam\.m2\repository\org\apache\zookeeper\zookeeper-jute\3.6.2\zookeeper-jute-3.6.2.jar;C:\Users\ogiam\.m2\repository\org\apiguardian\apiguardian-api\1.1.0\apiguardian-api-1.1.0.jar;C:\Users\ogiam\.m2\repository\org\bitbucket\b_c\jose4j\0.6.5\jose4j-0.6.5.jar;C:\Users\ogiam\.m2\repository\org\checkerframework\checker-qual\3.10.0\checker-qual-3.10.0.jar;C:\Users\ogiam\.m2\repository\org\codehaus\janino\commons-compiler\3.0.9\commons-compiler-3.0.9.jar;C:\Users\ogiam\.m2\repository\org\codehaus\janino\janino\3.0.9\janino-3.0.9.jar;C:\Users\ogiam\.m2\repository\org\codehaus\woodstox\stax2-api\4.2.1\stax2-api-4.2.1.jar;C:\Users\ogiam\.m2\repository\org\eclipse\jetty\jetty-alpn-client\9.4.44.v20210927\jetty-alpn-client-9.4.44.v20210927.jar;C:\Users\ogiam\.m2\repository\org\eclipse\jetty\jetty-alpn-java-client\9.4.44.v20210927\jetty-alpn-java-client-9.4.44.v20210927.jar;C:\Users\ogiam\.m2\repository\org\eclipse\jetty\jetty-alpn-java-server\9.4.44.v20210927\jetty-alpn-java-server-9.4.44.v20210927.jar;C:\Users\ogiam\.m2\repository\org\eclipse\jetty\jetty-alpn-server\9.4.44.v20210927\jetty-alpn-server-9.4.44.v20210927.jar;C:\Users\ogiam\.m2\repository\org\eclipse\jetty\jetty-client\9.4.44.v20210927\jetty-client-9.4.44.v20210927.jar;C:\Users\ogiam\.m2\repository\org\eclipse\jetty\jetty-continuation\9.4.44.v20210927\jetty-continuation-9.4.44.v20210927.jar;C:\Users\ogiam\.m2\repository\org\eclipse\jetty\jetty-deploy\9.4.44.v20210927\jetty-deploy-9.4.44.v20210927.jar;C:\Users\ogiam\.m2\repository\org\eclipse\jetty\jetty-http\9.4.44.v20210927\jetty-http-9.4.44.v20210927.jar;C:\Users\ogiam\.m2\repository\org\eclipse\jetty\jetty-io\9.4.44.v20210927\jetty-io-9.4.44.v20210927.jar;C:\Users\ogiam\.m2\repository\org\eclipse\jetty\jetty-jmx\9.4.44.v20210927\jetty-jmx-9.4.44.v20210927.jar;C:\Users\ogiam\.m2\repository\org\eclipse\jetty\jetty-rewrite\9.4.44.v20210927\jetty-rewrite-9.4.44.v20210927.jar;C:\Users\ogiam\.m2\repository\org\eclipse\jetty\jetty-security\9.4.44.v20210927\jetty-security-9.4.44.v20210927.jar;C:\Users\ogiam\.m2\repository\org\eclipse\jetty\jetty-server\9.4.44.v20210927\jetty-server-9.4.44.v20210927.jar;C:\Users\ogiam\.m2\repository\org\eclipse\jetty\jetty-servlet\9.4.44.v20210927\jetty-servlet-9.4.44.v20210927.jar;C:\Users\ogiam\.m2\repository\org\eclipse\jetty\jetty-servlets\9.4.44.v20210927\jetty-servlets-9.4.44.v20210927.jar;C:\Users\ogiam\.m2\repository\org\eclipse\jetty\jetty-util\9.4.44.v20210927\jetty-util-9.4.44.v20210927.jar;C:\Users\ogiam\.m2\repository\org\eclipse\jetty\jetty-webapp\9.4.44.v20210927\jetty-webapp-9.4.44.v20210927.jar;C:\Users\ogiam\.m2\repository\org\eclipse\jetty\jetty-xml\9.4.44.v20210927\jetty-xml-9.4.44.v20210927.jar;C:\Users\ogiam\.m2\repository\org\eclipse\jetty\http2\http2-client\9.4.44.v20210927\http2-client-9.4.44.v20210927.jar;C:\Users\ogiam\.m2\repository\org\eclipse\jetty\http2\http2-common\9.4.44.v20210927\http2-common-9.4.44.v20210927.jar;C:\Users\ogiam\.m2\repository\org\eclipse\jetty\http2\http2-hpack\9.4.44.v20210927\http2-hpack-9.4.44.v20210927.jar;C:\Users\ogiam\.m2\repository\org\eclipse\jetty\http2\http2-http-client-transport\9.4.44.v20210927\http2-http-client-transport-9.4.44.v20210927.jar;C:\Users\ogiam\.m2\repository\org\eclipse\jetty\jetty-alpn-openjdk8-client\9.4.44.v20210927\jetty-alpn-openjdk8-client-9.4.44.v20210927.jar;C:\Users\ogiam\.m2\repository\org\eclipse\jetty\http2\http2-server\9.4.44.v20210927\http2-server-9.4.44.v20210927.jar;C:\Users\ogiam\.m2\repository\org\locationtech\spatial4j\spatial4j\0.7\spatial4j-0.7.jar;C:\Users\ogiam\.m2\repository\org\ow2\asm\asm\8.0.1\asm-8.0.1.jar;C:\Users\ogiam\.m2\repository\org\ow2\asm\asm-commons\8.0.1\asm-commons-8.0.1.jar;C:\Users\ogiam\.m2\repository\org\rrd4j\rrd4j\3.5\rrd4j-3.5.jar;C:\Users\ogiam\.m2\repository\org\slf4j\jcl-over-slf4j\1.7.24\jcl-over-slf4j-1.7.24.jar;C:\Users\ogiam\.m2\repository\org\slf4j\slf4j-api\1.7.24\slf4j-api-1.7.24.jar;C:\Users\ogiam\.m2\repository\org\xerial\snappy\snappy-java\1.1.7.6\snappy-java-1.1.7.6.jar;"/>
    <property name="sun.cpu.endian" value="little"/>
    <property name="user.home" value="C:\Users\ogiam"/>
    <property name="user.language" value="it"/>
    <property name="java.specification.vendor" value="Oracle Corporation"/>
    <property name="java.home" value="C:\Program Files\Java\jdk1.8.0_202\jre"/>
    <property name="basedir" value="C:\Users\ogiam\Desktop\Information Retrieval\Progetto\Codice\solr-plugin"/>
    <property name="file.separator" value="\"/>
    <property name="line.separator" value="&#10;"/>
    <property name="java.vm.specification.vendor" value="Oracle Corporation"/>
    <property name="java.specification.name" value="Java Platform API Specification"/>
    <property name="java.awt.graphicsenv" value="sun.awt.Win32GraphicsEnvironment"/>
    <property name="surefire.real.class.path" value="C:\Users\ogiam\AppData\Local\Temp\surefire101915624721535065\surefirebooter-20230710171638070_3.jar"/>
    <property name="sun.boot.class.path" value="C:\Program Files\Java\jdk1.8.0_202\jre\lib\resources.jar;C:\Program Files\Java\jdk1.8.0_202\jre\lib\rt.jar;C:\Program Files\Java\jdk1.8.0_202\jre\lib\sunrsasign.jar;C:\Program Files\Java\jdk1.8.0_202\jre\lib\jsse.jar;C:\Program Files\Java\jdk1.8.0_202\jre\lib\jce.jar;C:\Program Files\Java\jdk1.8.0_202\jre\lib\charsets.jar;C:\Program Files\Java\jdk1.8.0_202\jre\lib\jfr.jar;C:\Program Files\Java\jdk1.8.0_202\jre\classes"/>
    <property name="user.script" value=""/>
    <property name="sun.management.compiler" value="HotSpot 64-Bit Tiered Compilers"/>
    <property name="java.runtime.version" value="1.8.0_202-b08"/>
    <property name="user.name" value="ogiam"/>
    <property name="path.separator" value=";"/>
    <property name="os.version" value="10.0"/>
    <property name="java.endorsed.dirs" value="C:\Program Files\Java\jdk1.8.0_202\jre\lib\endorsed"/>
    <property name="java.runtime.name" value="Java(TM) SE Runtime Environment"/>
    <property name="file.encoding" value="Cp1252"/>
    <property name="java.vm.name" value="Java HotSpot(TM) 64-Bit Server VM"/>
    <property name="localRepository" value="C:\Users\ogiam\.m2\repository"/>
    <property name="java.vendor.url.bug" value="http://bugreport.sun.com/bugreport/"/>
    <property name="java.io.tmpdir" value="C:\Users\ogiam\AppData\Local\Temp\"/>
    <property name="java.version" value="1.8.0_202"/>
    <property name="user.dir" value="C:\Users\ogiam\Desktop\Information Retrieval\Progetto\Codice\solr-plugin"/>
    <property name="os.arch" value="amd64"/>
    <property name="java.vm.specification.name" value="Java Virtual Machine Specification"/>
    <property name="java.awt.printerjob" value="sun.awt.windows.WPrinterJob"/>
    <property name="user.language.format" value="en"/>
    <property name="sun.os.patch.level" value=""/>
    <property name="java.library.path" value="C:\Program Files\Java\jdk1.8.0_202\jre\bin;C:\WINDOWS\Sun\Java\bin;C:\WINDOWS\system32;C:\WINDOWS;C:\Program Files\Common Files\Oracle\Java\javapath;C:\Program Files (x86)\Common Files\Oracle\Java\javapath;C:\Windows\system32;C:\Windows;C:\Windows\System32\Wbem;C:\Windows\System32\WindowsPowerShell\v1.0\;C:\Windows\System32\OpenSSH\;C:\Program Files (x86)\NVIDIA Corporation\PhysX\Common;C:\Program Files\NVIDIA Corporation\NVIDIA NvDLISR;C:\Program Files\MATLAB\R2022a\bin;C:\Program Files\nodejs\;C:\Program Files\Git\cmd;C:\WINDOWS\system32;C:\WINDOWS;C:\WINDOWS\System32\Wbem;C:\WINDOWS\System32\WindowsPowerShell\v1.0\;C:\WINDOWS\System32\OpenSSH\;%HOME%\pip\pip.ini;%SPARK_HOME%\bin;C:\Program Files\Java\jdk1.8.0_202\bin;C:\hadoop\bin;C:\hadoop\sbin;C:\Users\ogiam\Desktop\apache-maven-3.9.3\bin;C:\Users\ogiam\AppData\Local\Programs\Python\Python38\Scripts\;C:\Users\ogiam\AppData\Local\Programs\Python\Python38\;C:\Users\ogiam\AppData\Local\Programs\Python\Python311\Scripts\;C:\Users\ogiam\AppData\Local\Programs\Python\Python311\;C:\Program Files\Common Files\Oracle\Java\javapath;C:\Windows\system32;C:\Windows;C:\Windows\System32\Wbem;C:\Windows\System32\WindowsPowerShell\v1.0\;C:\Windows\System32\OpenSSH\;C:\Program Files (x86)\NVIDIA Corporation\PhysX\Common;C:\Program Files\NVIDIA Corporation\NVIDIA NvDLISR;C:\Program Files\MATLAB\R2022a\bin;C:\Program Files\nodejs\;C:\Program Files\Git\cmd;C:\WINDOWS\system32;C:\WINDOWS;C:\WINDOWS\System32\Wbem;C:\WINDOWS\System32\WindowsPowerShell\v1.0\;C:\WINDOWS\System32\OpenSSH\;C:\Program Files\MySQL\MySQL Shell 8.0\bin\;C:\Users\ogiam\AppData\Local\Microsoft\WindowsApps;C:\Users\ogiam\AppData\Roaming\npm;C:\Users\ogiam\AppData\Local\Programs\Microsoft VS Code\bin;C:\Windows\System32\PsExec.exe;C:\Windows\System32\PsExec64.exe;C:\Program Files\JetBrains\PyCharm Community Edition 2020.2.5\bin;;C:\Program Files\Java\jdk1.8.0_202\bin;C:\hadoop\bin;C:\hadoop\sbin;C:\Users\ogiam\Desktop\apache-maven-3.9.3\bin;;."/>
    <property name="java.vm.info" value="mixed mode"/>
    <property name="java.vendor" value="Oracle Corporation"/>
    <property name="java.vm.version" value="25.202-b08"/>
    <property name="java.ext.dirs" value="C:\Program Files\Java\jdk1.8.0_202\jre\lib\ext;C:\WINDOWS\Sun\Java\lib\ext"/>
    <property name="sun.io.unicode.encoding" value="UnicodeLittle"/>
    <property name="java.class.version" value="52.0"/>
  </properties>
  <testcase name="testApp" classname="com.example.solrplugin.AppTest" time="0.001"/>
</testsuite>